#
# A fatal error has been detected by the Java Runtime Environment:
#
#  Internal Error (javaClasses.cpp:129), pid=6624, tid=8540
#  fatal error: Invalid layout of preloaded class
#
# JRE version: 7.0_13-b20
# Java VM: Java HotSpot(TM) 64-Bit Server VM (23.7-b01 mixed mode windows-amd64 compressed oops)
# Failed to write core dump. Minidumps are not enabled by default on client versions of Windows
#
# If you would like to submit a bug report, please visit:
#   http://bugreport.sun.com/bugreport/crash.jsp
#

---------------  T H R E A D  ---------------

Current thread (0x000000000231c800):  JavaThread "Unknown thread" [_thread_in_vm, id=8540, stack(0x0000000002670000,0x0000000002770000)]

Stack: [0x0000000002670000,0x0000000002770000]

---------------  P R O C E S S  ---------------

Java Threads: ( => current thread )

Other Threads:

=>0x000000000231c800 (exited) JavaThread "Unknown thread" [_thread_in_vm, id=8540, stack(0x0000000002670000,0x0000000002770000)]

VM state:not at safepoint (not fully initialized)

VM Mutex/Monitor currently owned by a thread: None

GC Heap History (0 events):
No events

Deoptimization events (0 events):
No events

Internal exceptions (0 events):
No events

Events (10 events):
Event: 0.009 loading class 0x00000000023da6a0 done
Event: 0.009 loading class 0x0000000002392120 done
Event: 0.009 loading class 0x00000000023920f0
Event: 0.009 loading class 0x00000000023e35a0
Event: 0.009 loading class 0x00000000023e35a0 done
Event: 0.009 loading class 0x00000000023e35e0
Event: 0.009 loading class 0x00000000023e35e0 done
Event: 0.009 loading class 0x000000000bdcd1d0
Event: 0.009 loading class 0x000000000bdcd1d0 done
Event: 0.009 loading class 0x00000000023920f0 done


Dynamic libraries:
0x000000013f390000 - 0x000000013f3c3000 	C:\Program Files\Java\jre7\bin\javaw.exe
0x0000000076dc0000 - 0x0000000076f69000 	C:\Windows\SYSTEM32\ntdll.dll
0x00000000766e0000 - 0x00000000767ff000 	C:\Windows\system32\kernel32.dll
0x000007fefd520000 - 0x000007fefd58b000 	C:\Windows\system32\KERNELBASE.dll
0x000007fefec90000 - 0x000007fefed6b000 	C:\Windows\system32\ADVAPI32.dll
0x000007fefd750000 - 0x000007fefd7ef000 	C:\Windows\system32\msvcrt.dll
0x000007fefee60000 - 0x000007fefee7f000 	C:\Windows\SYSTEM32\sechost.dll
0x000007fefef60000 - 0x000007feff08d000 	C:\Windows\system32\RPCRT4.dll
0x0000000076950000 - 0x0000000076a4a000 	C:\Windows\system32\USER32.dll
0x000007fefd690000 - 0x000007fefd6f7000 	C:\Windows\system32\GDI32.dll
0x000007fefdb80000 - 0x000007fefdb8e000 	C:\Windows\system32\LPK.dll
0x000007fefed70000 - 0x000007fefee39000 	C:\Windows\system32\USP10.dll
0x000007fefbc70000 - 0x000007fefbe64000 	C:\Windows\WinSxS\amd64_microsoft.windows.common-controls_6595b64144ccf1df_6.0.7601.17514_none_fa396087175ac9ac\COMCTL32.dll
0x000007fefeb00000 - 0x000007fefeb71000 	C:\Windows\system32\SHLWAPI.dll
0x000007feff0a0000 - 0x000007feff0ce000 	C:\Windows\system32\IMM32.DLL
0x000007fefeb80000 - 0x000007fefec89000 	C:\Windows\system32\MSCTF.dll
0x000007fefd200000 - 0x000007fefd217000 	C:\Windows\system32\AMINIT64.DLL
0x000000006db80000 - 0x000000006dc51000 	C:\Program Files\Java\jre7\bin\msvcr100.dll
0x0000000057d90000 - 0x00000000584af000 	C:\Program Files\Java\jre7\bin\server\jvm.dll
0x000007fef5cd0000 - 0x000007fef5cd9000 	C:\Windows\system32\WSOCK32.dll
0x000007fefd700000 - 0x000007fefd74d000 	C:\Windows\system32\WS2_32.dll
0x000007feff090000 - 0x000007feff098000 	C:\Windows\system32\NSI.dll
0x000007fefb1f0000 - 0x000007fefb22b000 	C:\Windows\system32\WINMM.dll
0x0000000076f80000 - 0x0000000076f87000 	C:\Windows\system32\PSAPI.DLL
0x000000006fec0000 - 0x000000006fecf000 	C:\Program Files\Java\jre7\bin\verify.dll
0x000000006db50000 - 0x000000006db78000 	C:\Program Files\Java\jre7\bin\java.dll
0x000000006dfc0000 - 0x000000006dfd5000 	C:\Program Files\Java\jre7\bin\zip.dll

VM Arguments:
jvm_args: -Dfile.encoding=Cp1252 -Xbootclasspath:C:\cygwin\home\jmiller\Development\adt-bundle-windows-x86_64-20130729\sdk\platforms\android-18\android.jar 
java_command: com.jmiller.brewjournal.util.CalendarUtils
Launcher Type: SUN_STANDARD

Environment Variables:
CLASSPATH=.;C:\Program Files (x86)\Java\jre7\lib\ext\QTJava.zip
PATH=C:\Users\jmiller\Desktop\sslscan;C:\Program Files (x86)\ActiveState Komodo Edit 8\;C:\Program Files (x86)\AMD APP\bin\x86_64;C:\Program Files (x86)\AMD APP\bin\x86;C:\Windows\system32;C:\Windows;C:\Windows\System32\Wbem;C:\Windows\System32\WindowsPowerShell\v1.0\;C:\Program Files (x86)\ATI Technologies\ATI.ACE\Core-Static;C:\Program Files (x86)\QuickTime\QTSystem\;C:\Program Files\MySQL\MySQL Sever 5.6\bin;C:\Program Files (x86)\RSA Security\RSA SecurID Software Token\
USERNAME=jmiller
OS=Windows_NT
PROCESSOR_IDENTIFIER=Intel64 Family 6 Model 58 Stepping 9, GenuineIntel



---------------  S Y S T E M  ---------------

OS: Windows 7 , 64 bit Build 7601 Service Pack 1

CPU:total 8 (4 cores per cpu, 2 threads per core) family 6 model 58 stepping 9, cmov, cx8, fxsr, mmx, sse, sse2, sse3, ssse3, sse4.1, sse4.2, popcnt, avx, ht, tsc, tscinvbit, tscinv

Memory: 4k page, physical 8318524k(4000228k free), swap 16635188k(10459084k free)

vm_info: Java HotSpot(TM) 64-Bit Server VM (23.7-b01) for windows-amd64 JRE (1.7.0_13-b20), built on Jan 30 2013 10:10:00 by "java_re" with unknown MS VC++:1600

time: Thu Aug 08 15:25:01 2013
elapsed time: 0 seconds

